c:\users\user\source\repos\assortrock_win32\assortrockproject2\x64\release\assortrockproject2.pch
c:\users\user\source\repos\assortrock_win32\assortrockproject2\x64\release\vc143.pdb
c:\users\user\source\repos\assortrock_win32\assortrockproject2\x64\release\ccore.obj
c:\users\user\source\repos\assortrock_win32\assortrockproject2\x64\release\cobj.obj
c:\users\user\source\repos\assortrock_win32\assortrockproject2\x64\release\cobj_01plr.obj
c:\users\user\source\repos\assortrock_win32\assortrockproject2\x64\release\cobj_02mtr.obj
c:\users\user\source\repos\assortrock_win32\assortrockproject2\x64\release\cobj_03msl.obj
c:\users\user\source\repos\assortrock_win32\assortrockproject2\x64\release\crsc.obj
c:\users\user\source\repos\assortrock_win32\assortrockproject2\x64\release\crsc_01txr.obj
c:\users\user\source\repos\assortrock_win32\assortrockproject2\x64\release\crsc_02snd.obj
c:\users\user\source\repos\assortrock_win32\assortrockproject2\x64\release\cscn.obj
c:\users\user\source\repos\assortrock_win32\assortrockproject2\x64\release\cscn_01stt.obj
c:\users\user\source\repos\assortrock_win32\assortrockproject2\x64\release\main2.obj
c:\users\user\source\repos\assortrock_win32\assortrockproject2\x64\release\mgr_key.obj
c:\users\user\source\repos\assortrock_win32\assortrockproject2\x64\release\mgr_scn.obj
c:\users\user\source\repos\assortrock_win32\assortrockproject2\x64\release\mgr_timer.obj
c:\users\user\source\repos\assortrock_win32\assortrockproject2\x64\release\mgr_path.obj
c:\users\user\source\repos\assortrock_win32\assortrockproject2\x64\release\mgr_rsc.obj
c:\users\user\source\repos\assortrock_win32\assortrockproject2\x64\release\ccmp_01cldr.obj
c:\users\user\source\repos\assortrock_win32\assortrockproject2\x64\release\ctl_01sltgdi.obj
c:\users\user\source\repos\assortrock_win32\assortrockproject2\x64\release\func.obj
c:\users\user\source\repos\assortrock_win32\assortrockproject2\x64\release\00just_memo.obj
c:\users\user\source\repos\assortrock_win32\assortrockproject2\x64\release\mgr_clls.obj
c:\users\user\source\repos\assortrock_win32\assortrockproject2\x64\release\mgr_evt.obj
c:\users\user\source\repos\assortrock_win32\assortrockproject2\x64\release\ccmp_02amtrn.obj
c:\users\user\source\repos\assortrock_win32\assortrockproject2\x64\release\cscn_00tl.obj
c:\users\user\source\repos\assortrock_win32\assortrockproject2\x64\release\cmdl_01sltgdi.obj
c:\users\user\source\repos\assortrock_win32\assortrockproject2\x64\release\unity_6odusci1e996mlwq.obj
c:\users\user\source\repos\assortrock_win32\assortrockproject2\x64\release\unity_kuegqfuzm6imu99e.obj
c:\users\user\source\repos\assortrock_win32\x64\bin\assortrockproject2.exe
c:\users\user\source\repos\assortrock_win32\assortrockproject2\x64\release\assortrockproject2.ipdb
c:\users\user\source\repos\assortrock_win32\x64\bin\assortrockproject2.pdb
c:\users\user\source\repos\assortrock_win32\assortrockproject2\x64\release\assortrockproject2.iobj
c:\users\user\source\repos\assortrock_win32\assortrockproject2\x64\release\assortrockproject2.res
c:\users\user\source\repos\assortrock_win32\assortrockproject2\x64\release\assortro.57ad02cc.tlog\cl.command.1.tlog
c:\users\user\source\repos\assortrock_win32\assortrockproject2\x64\release\assortro.57ad02cc.tlog\cl.items.tlog
c:\users\user\source\repos\assortrock_win32\assortrockproject2\x64\release\assortro.57ad02cc.tlog\cl.read.1.tlog
c:\users\user\source\repos\assortrock_win32\assortrockproject2\x64\release\assortro.57ad02cc.tlog\cl.write.1.tlog
c:\users\user\source\repos\assortrock_win32\assortrockproject2\x64\release\assortro.57ad02cc.tlog\link.command.1.tlog
c:\users\user\source\repos\assortrock_win32\assortrockproject2\x64\release\assortro.57ad02cc.tlog\link.read.1.tlog
c:\users\user\source\repos\assortrock_win32\assortrockproject2\x64\release\assortro.57ad02cc.tlog\link.write.1.tlog
c:\users\user\source\repos\assortrock_win32\assortrockproject2\x64\release\assortro.57ad02cc.tlog\rc.command.1.tlog
c:\users\user\source\repos\assortrock_win32\assortrockproject2\x64\release\assortro.57ad02cc.tlog\rc.read.1.tlog
c:\users\user\source\repos\assortrock_win32\assortrockproject2\x64\release\assortro.57ad02cc.tlog\rc.write.1.tlog
