c:\users\user\source\repos\assortrock_win32\assortrockproject2\x64\debug\unity_3f76ixozvyeg8fxq.obj
c:\users\user\source\repos\assortrock_win32\assortrockproject2\x64\debug\unity_ief3imniehtfco1g.obj
c:\users\user\source\repos\assortrock_win32\assortrockproject2\x64\debug\unity_pjr61d3zqifv0rre.obj
c:\users\user\source\repos\assortrock_win32\assortrockproject2\x64\debug\unity_fndd3eonm686401n.obj
c:\users\user\source\repos\assortrock_win32\assortrockproject2\x64\debug\vc143.pdb
c:\users\user\source\repos\assortrock_win32\x64\bin_debug\assortrockproject2.exe
c:\users\user\source\repos\assortrock_win32\assortrockproject2\x64\debug\assortrockproject2.ilk
c:\users\user\source\repos\assortrock_win32\x64\bin_debug\assortrockproject2.pdb
c:\users\user\source\repos\assortrock_win32\assortrockproject2\x64\debug\assortrockproject2.res
c:\users\user\source\repos\assortrock_win32\assortrockproject2\x64\debug\unity_elwcnqgdep22z8yg.obj.enc
c:\users\user\source\repos\assortrock_win32\assortrockproject2\x64\debug\unity_tb8wqgnqq6gt6ues.obj.enc
c:\users\user\source\repos\assortrock_win32\assortrockproject2\x64\debug\unity_v9ar1aue5dqid8gj.obj.enc
c:\users\user\source\repos\assortrock_win32\assortrockproject2\x64\debug\vc143.idb
c:\users\user\source\repos\assortrock_win32\assortrockproject2\x64\debug\assortro.57ad02cc.tlog\cl.command.1.tlog
c:\users\user\source\repos\assortrock_win32\assortrockproject2\x64\debug\assortro.57ad02cc.tlog\cl.items.tlog
c:\users\user\source\repos\assortrock_win32\assortrockproject2\x64\debug\assortro.57ad02cc.tlog\cl.read.1.tlog
c:\users\user\source\repos\assortrock_win32\assortrockproject2\x64\debug\assortro.57ad02cc.tlog\cl.write.1.tlog
c:\users\user\source\repos\assortrock_win32\assortrockproject2\x64\debug\assortro.57ad02cc.tlog\link.command.1.tlog
c:\users\user\source\repos\assortrock_win32\assortrockproject2\x64\debug\assortro.57ad02cc.tlog\link.read.1.tlog
c:\users\user\source\repos\assortrock_win32\assortrockproject2\x64\debug\assortro.57ad02cc.tlog\link.write.1.tlog
c:\users\user\source\repos\assortrock_win32\assortrockproject2\x64\debug\assortro.57ad02cc.tlog\rc.command.1.tlog
c:\users\user\source\repos\assortrock_win32\assortrockproject2\x64\debug\assortro.57ad02cc.tlog\rc.read.1.tlog
c:\users\user\source\repos\assortrock_win32\assortrockproject2\x64\debug\assortro.57ad02cc.tlog\rc.write.1.tlog
